<?xml version="1.0" encoding="UTF-8"?>
<testsuite xmlns:xsi="http://www.w3.org/2001/XMLSchema-instance" xsi:noNamespaceSchemaLocation="https://maven.apache.org/surefire/maven-surefire-plugin/xsd/surefire-test-report-3.0.xsd" version="3.0" name="org.rekhyt.ezwaterlib.EzWaterCalculatorTest" time="0.052" tests="11" errors="0" skipped="0" failures="0">
  <properties>
[...]
</properties>
  <testcase name="calcEzWaterDoesNotMutateInputAdjustWaterObjects" classname="org.rekhyt.ezwaterlib.EzWaterCalculatorTest" time="0.005"/>
  <testcase name="naHCO3DoesNotAffectChloride" classname="org.rekhyt.ezwaterlib.EzWaterCalculatorTest" time="0.003"/>
  <testcase name="calcEzWaterThrowsOnZeroVolume" classname="org.rekhyt.ezwaterlib.EzWaterCalculatorTest" time="0.002"/>
  <testcase name="calcEzWaterThrowsOnEmptyGrainList" classname="org.rekhyt.ezwaterlib.EzWaterCalculatorTest" time="0.005"/>
  <testcase name="calciumAndSulfateComeFromCaSO4" classname="org.rekhyt.ezwaterlib.EzWaterCalculatorTest" time="0.003"/>
  <testcase name="chlorideComesFromCaCl2NotFromNaHCO3" classname="org.rekhyt.ezwaterlib.EzWaterCalculatorTest" time="0.004"/>
  <testcase name="magnesiumAndSulfateComeFromMgSO4" classname="org.rekhyt.ezwaterlib.EzWaterCalculatorTest" time="0.003"/>
  <testcase name="scaleAdjustmentAppliesVolumeRatioToEachComponent" classname="org.rekhyt.ezwaterlib.EzWaterCalculatorTest" time="0.001"/>
  <testcase name="endToEndCalcEzWaterReturnsNonNullResult" classname="org.rekhyt.ezwaterlib.EzWaterCalculatorTest" time="0.003"/>
  <testcase name="chlorideSulfateRatioIsZeroWhenSulfateIsZero" classname="org.rekhyt.ezwaterlib.EzWaterCalculatorTest" time="0.003"/>
  <testcase name="chlorideSulfateRatioIsComputedWhenSulfateIsPositive" classname="org.rekhyt.ezwaterlib.EzWaterCalculatorTest" time="0.002"/>
</testsuite>